TN:
SF:src\modules\appointments\services\CreateAppointmentService.ts
FN:16,(anonymous_18)
FN:17,CreateAppointmentService
FN:22,(anonymous_20)
FNF:3
FNH:3
FNDA:1,(anonymous_18)
FNDA:5,CreateAppointmentService
FNDA:7,(anonymous_20)
DA:1,1
DA:2,1
DA:4,1
DA:16,1
DA:19,5
DA:22,1
DA:23,7
DA:24,7
DA:25,7
DA:27,7
DA:29,7
DA:30,2
DA:35,5
DA:36,1
DA:41,4
DA:42,2
DA:47,2
DA:51,2
DA:52,0
DA:55,2
DA:61,2
DA:63,1
DA:65,1
LF:23
LH:22
BRDA:29,0,0,2
BRDA:29,0,1,5
BRDA:35,1,0,1
BRDA:35,1,1,4
BRDA:41,2,0,2
BRDA:41,2,1,2
BRDA:41,3,0,4
BRDA:41,3,1,3
BRDA:51,4,0,0
BRDA:51,4,1,2
BRF:10
BRH:9
end_of_record
TN:
SF:src\modules\appointments\services\ListProviderDayAvaliabilityService.ts
FN:20,(anonymous_17)
FN:21,ListProviderDayAvaliabilityService
FN:26,(anonymous_19)
FN:45,(anonymous_22)
FN:50,(anonymous_23)
FN:52,(anonymous_24)
FNF:6
FNH:6
FNDA:1,(anonymous_17)
FNDA:1,ListProviderDayAvaliabilityService
FNDA:1,(anonymous_19)
FNDA:10,(anonymous_22)
FNDA:10,(anonymous_23)
FNDA:19,(anonymous_24)
DA:1,1
DA:2,1
DA:20,1
DA:23,1
DA:26,1
DA:27,1
DA:28,1
DA:29,1
DA:30,1
DA:32,1
DA:41,1
DA:43,1
DA:45,10
DA:48,1
DA:50,1
DA:51,10
DA:52,19
DA:55,10
DA:57,10
DA:65,1
DA:67,1
LF:21
LH:21
BRDA:32,0,0,1
BRDA:60,1,0,10
BRDA:60,1,1,8
BRF:3
BRH:3
end_of_record
TN:
SF:src\modules\appointments\services\ListProviderMonthAvaliabilityService.ts
FN:19,(anonymous_17)
FN:20,ListProviderMonthAvailabilityService
FN:25,(anonymous_19)
FN:42,(anonymous_22)
FN:45,(anonymous_23)
FN:46,(anonymous_24)
FNF:6
FNH:6
FNDA:1,(anonymous_17)
FNDA:1,ListProviderMonthAvailabilityService
FNDA:1,(anonymous_19)
FNDA:31,(anonymous_22)
FNDA:31,(anonymous_23)
FNDA:341,(anonymous_24)
DA:1,1
DA:2,1
DA:19,1
DA:22,1
DA:25,1
DA:26,1
DA:27,1
DA:28,1
DA:30,1
DA:38,1
DA:40,1
DA:42,31
DA:45,1
DA:46,31
DA:47,341
DA:50,31
DA:56,1
DA:58,1
LF:18
LH:18
BRDA:30,0,0,1
BRF:1
BRH:1
end_of_record
TN:
SF:src\modules\appointments\services\ListProvidersService.ts
FN:11,(anonymous_17)
FN:12,ListProviderService
FN:17,(anonymous_19)
FNF:3
FNH:3
FNDA:1,(anonymous_17)
FNDA:1,ListProviderService
FNDA:1,(anonymous_19)
DA:1,1
DA:11,1
DA:14,1
DA:17,1
DA:18,1
DA:22,1
DA:24,1
LF:7
LH:7
BRDA:18,0,0,1
BRF:1
BRH:1
end_of_record
TN:
SF:src\modules\users\services\AuthenticateUserService.ts
FN:21,(anonymous_18)
FN:22,AuthenticateUserService
FN:30,(anonymous_20)
FNF:3
FNH:3
FNDA:1,(anonymous_18)
FNDA:3,AuthenticateUserService
FNDA:3,(anonymous_20)
DA:1,1
DA:2,1
DA:4,1
DA:5,1
DA:21,1
DA:24,3
DA:27,3
DA:30,3
DA:31,3
DA:33,3
DA:34,1
DA:37,2
DA:42,2
DA:43,1
DA:46,1
DA:48,1
DA:53,1
DA:58,1
DA:60,1
LF:19
LH:19
BRDA:31,0,0,3
BRDA:33,1,0,1
BRDA:33,1,1,2
BRDA:42,2,0,1
BRDA:42,2,1,1
BRF:5
BRH:5
end_of_record
TN:
SF:src\modules\users\services\CreateUserService.ts
FN:15,(anonymous_18)
FN:16,CreateUserService
FN:24,(anonymous_20)
FNF:3
FNH:3
FNDA:2,(anonymous_18)
FNDA:5,CreateUserService
FNDA:5,(anonymous_20)
DA:1,2
DA:3,2
DA:15,2
DA:18,5
DA:21,5
DA:24,5
DA:25,5
DA:27,5
DA:28,1
DA:31,4
DA:33,4
DA:39,4
DA:41,2
LF:13
LH:13
BRDA:25,0,0,5
BRDA:27,1,0,1
BRDA:27,1,1,4
BRF:3
BRH:3
end_of_record
TN:
SF:src\modules\users\services\ResetPasswordService.ts
FN:16,(anonymous_18)
FN:17,ResetPasswordService
FN:28,(anonymous_20)
FNF:3
FNH:3
FNDA:1,(anonymous_18)
FNDA:4,ResetPasswordService
FNDA:4,(anonymous_20)
DA:1,1
DA:2,1
DA:5,1
DA:16,1
DA:19,4
DA:22,4
DA:25,4
DA:28,4
DA:29,4
DA:31,4
DA:32,1
DA:35,3
DA:37,3
DA:38,1
DA:41,2
DA:42,2
DA:44,2
DA:45,1
DA:48,1
DA:50,2
DA:52,1
DA:54,1
LF:22
LH:22
BRDA:29,0,0,4
BRDA:31,1,0,1
BRDA:31,1,1,3
BRDA:35,2,0,0
BRDA:35,2,1,3
BRDA:35,3,0,3
BRDA:35,3,1,3
BRDA:37,4,0,1
BRDA:37,4,1,2
BRDA:44,5,0,1
BRDA:44,5,1,1
BRF:11
BRH:10
end_of_record
TN:
SF:src\modules\users\services\SendForgotPasswordEmailService.ts
FN:14,(anonymous_18)
FN:15,SendForgotPasswordEmailService
FN:26,(anonymous_20)
FNF:3
FNH:3
FNDA:1,(anonymous_18)
FNDA:3,SendForgotPasswordEmailService
FNDA:3,(anonymous_20)
DA:1,1
DA:2,1
DA:5,1
DA:14,1
DA:17,3
DA:20,3
DA:23,3
DA:26,3
DA:27,3
DA:29,3
DA:30,1
DA:33,2
DA:37,2
DA:44,4
DA:59,1
DA:61,1
LF:16
LH:16
BRDA:27,0,0,3
BRDA:29,1,0,1
BRDA:29,1,1,2
BRF:3
BRH:3
end_of_record
TN:
SF:src\modules\users\services\ShowProfileService.ts
FN:12,(anonymous_18)
FN:13,ShowProfileService
FN:18,(anonymous_20)
FNF:3
FNH:3
FNDA:1,(anonymous_18)
FNDA:2,ShowProfileService
FNDA:2,(anonymous_20)
DA:1,1
DA:3,1
DA:12,1
DA:15,2
DA:18,2
DA:19,2
DA:21,2
DA:22,1
DA:25,1
DA:27,1
LF:10
LH:10
BRDA:19,0,0,2
BRDA:21,1,0,1
BRDA:21,1,1,1
BRF:3
BRH:3
end_of_record
TN:
SF:src\modules\users\services\UpdateProfileService.ts
FN:17,(anonymous_18)
FN:18,UpdateProfileService
FN:26,(anonymous_20)
FNF:3
FNH:3
FNDA:1,(anonymous_18)
FNDA:6,UpdateProfileService
FNDA:6,(anonymous_20)
DA:1,1
DA:3,1
DA:17,1
DA:20,6
DA:23,6
DA:26,1
DA:27,6
DA:28,6
DA:29,6
DA:30,6
DA:31,6
DA:33,6
DA:35,6
DA:36,1
DA:39,5
DA:43,5
DA:44,1
DA:47,4
DA:48,4
DA:50,4
DA:51,1
DA:54,4
DA:55,2
DA:60,2
DA:61,1
DA:66,1
DA:69,2
DA:71,1
LF:28
LH:28
BRDA:33,0,0,6
BRDA:33,0,1,2
BRDA:35,1,0,1
BRDA:35,1,1,5
BRDA:43,2,0,1
BRDA:43,2,1,4
BRDA:43,3,0,5
BRDA:43,3,1,1
BRDA:50,4,0,1
BRDA:50,4,1,3
BRDA:50,5,0,4
BRDA:50,5,1,3
BRDA:54,6,0,1
BRDA:54,6,1,2
BRDA:54,7,0,3
BRDA:54,7,1,2
BRDA:60,8,0,1
BRDA:60,8,1,1
BRF:18
BRH:18
end_of_record
TN:
SF:src\modules\users\services\UpdateUserAvatarService.ts
FN:17,(anonymous_18)
FN:18,UpdateUserAvatarService
FN:26,(anonymous_20)
FNF:3
FNH:3
FNDA:1,(anonymous_18)
FNDA:3,UpdateUserAvatarService
FNDA:4,(anonymous_20)
DA:3,1
DA:6,1
DA:17,1
DA:20,3
DA:23,3
DA:26,4
DA:27,4
DA:29,4
DA:30,1
DA:36,5
DA:37,2
DA:40,3
DA:42,3
DA:44,6
DA:46,3
DA:48,1
LF:16
LH:16
BRDA:27,0,0,4
BRDA:27,0,1,3
BRDA:29,1,0,1
BRDA:29,1,1,3
BRDA:36,2,0,2
BRDA:36,2,1,1
BRF:6
BRH:6
end_of_record
